0 info it worked if it ends with ok
1 verbose cli [ '/usr/local/bin/node',
1 verbose cli   '/usr/local/bin/npm',
1 verbose cli   'install',
1 verbose cli   '-g',
1 verbose cli   'ngCordova',
1 verbose cli   'ionic',
1 verbose cli   'plugin',
1 verbose cli   'add',
1 verbose cli   'cordova-plugin-geolocation' ]
2 info using npm@4.1.2
3 info using node@v7.7.4
4 silly loadCurrentTree Starting
5 silly install loadCurrentTree
6 silly install readGlobalPackageData
7 silly fetchPackageMetaData ngCordova
8 silly fetchPackageMetaData ionic
9 silly fetchPackageMetaData plugin
10 silly fetchPackageMetaData add
11 silly fetchPackageMetaData cordova-plugin-geolocation
12 silly fetchNamedPackageData ngCordova
13 silly mapToRegistry name ngCordova
14 silly mapToRegistry using default registry
15 silly mapToRegistry registry https://registry.npmjs.org/
16 silly mapToRegistry data Result {
16 silly mapToRegistry   raw: 'ngCordova',
16 silly mapToRegistry   scope: null,
16 silly mapToRegistry   escapedName: 'ngCordova',
16 silly mapToRegistry   name: 'ngCordova',
16 silly mapToRegistry   rawSpec: '',
16 silly mapToRegistry   spec: 'latest',
16 silly mapToRegistry   type: 'tag' }
17 silly mapToRegistry uri https://registry.npmjs.org/ngCordova
18 silly fetchNamedPackageData ionic
19 silly mapToRegistry name ionic
20 silly mapToRegistry using default registry
21 silly mapToRegistry registry https://registry.npmjs.org/
22 silly mapToRegistry data Result {
22 silly mapToRegistry   raw: 'ionic',
22 silly mapToRegistry   scope: null,
22 silly mapToRegistry   escapedName: 'ionic',
22 silly mapToRegistry   name: 'ionic',
22 silly mapToRegistry   rawSpec: '',
22 silly mapToRegistry   spec: 'latest',
22 silly mapToRegistry   type: 'tag' }
23 silly mapToRegistry uri https://registry.npmjs.org/ionic
24 silly fetchNamedPackageData plugin
25 silly mapToRegistry name plugin
26 silly mapToRegistry using default registry
27 silly mapToRegistry registry https://registry.npmjs.org/
28 silly mapToRegistry data Result {
28 silly mapToRegistry   raw: 'plugin',
28 silly mapToRegistry   scope: null,
28 silly mapToRegistry   escapedName: 'plugin',
28 silly mapToRegistry   name: 'plugin',
28 silly mapToRegistry   rawSpec: '',
28 silly mapToRegistry   spec: 'latest',
28 silly mapToRegistry   type: 'tag' }
29 silly mapToRegistry uri https://registry.npmjs.org/plugin
30 silly fetchNamedPackageData add
31 silly mapToRegistry name add
32 silly mapToRegistry using default registry
33 silly mapToRegistry registry https://registry.npmjs.org/
34 silly mapToRegistry data Result {
34 silly mapToRegistry   raw: 'add',
34 silly mapToRegistry   scope: null,
34 silly mapToRegistry   escapedName: 'add',
34 silly mapToRegistry   name: 'add',
34 silly mapToRegistry   rawSpec: '',
34 silly mapToRegistry   spec: 'latest',
34 silly mapToRegistry   type: 'tag' }
35 silly mapToRegistry uri https://registry.npmjs.org/add
36 silly fetchNamedPackageData cordova-plugin-geolocation
37 silly mapToRegistry name cordova-plugin-geolocation
38 silly mapToRegistry using default registry
39 silly mapToRegistry registry https://registry.npmjs.org/
40 silly mapToRegistry data Result {
40 silly mapToRegistry   raw: 'cordova-plugin-geolocation',
40 silly mapToRegistry   scope: null,
40 silly mapToRegistry   escapedName: 'cordova-plugin-geolocation',
40 silly mapToRegistry   name: 'cordova-plugin-geolocation',
40 silly mapToRegistry   rawSpec: '',
40 silly mapToRegistry   spec: 'latest',
40 silly mapToRegistry   type: 'tag' }
41 silly mapToRegistry uri https://registry.npmjs.org/cordova-plugin-geolocation
42 verbose request uri https://registry.npmjs.org/ngCordova
43 verbose request no auth needed
44 info attempt registry request try #1 at 17:55:59
45 verbose request id 8d9eb60ad457a51d
46 http request GET https://registry.npmjs.org/ngCordova
47 verbose request uri https://registry.npmjs.org/plugin
48 verbose request no auth needed
49 info attempt registry request try #1 at 17:55:59
50 http request GET https://registry.npmjs.org/plugin
51 verbose request uri https://registry.npmjs.org/add
52 verbose request no auth needed
53 info attempt registry request try #1 at 17:55:59
54 http request GET https://registry.npmjs.org/add
55 verbose request uri https://registry.npmjs.org/ionic
56 verbose request no auth needed
57 info attempt registry request try #1 at 17:55:59
58 verbose etag W/"58d1b147-dfd35"
59 verbose lastModified Tue, 21 Mar 2017 23:03:35 GMT
60 http request GET https://registry.npmjs.org/ionic
61 verbose request uri https://registry.npmjs.org/cordova-plugin-geolocation
62 verbose request no auth needed
63 info attempt registry request try #1 at 17:55:59
64 verbose etag W/"58bf5664-e18d"
65 verbose lastModified Wed, 08 Mar 2017 00:55:00 GMT
66 http request GET https://registry.npmjs.org/cordova-plugin-geolocation
67 http 304 https://registry.npmjs.org/cordova-plugin-geolocation
68 verbose headers { date: 'Thu, 27 Apr 2017 15:55:59 GMT',
68 verbose headers   via: '1.1 varnish',
68 verbose headers   'cache-control': 'max-age=300',
68 verbose headers   etag: 'W/"58bf5664-e18d"',
68 verbose headers   age: '126',
68 verbose headers   connection: 'keep-alive',
68 verbose headers   'x-served-by': 'cache-cdg8731-CDG',
68 verbose headers   'x-cache': 'HIT',
68 verbose headers   'x-cache-hits': '1',
68 verbose headers   'x-timer': 'S1493308559.466673,VS0,VE1',
68 verbose headers   vary: 'Accept-Encoding' }
69 silly get cb [ 304,
69 silly get   { date: 'Thu, 27 Apr 2017 15:55:59 GMT',
69 silly get     via: '1.1 varnish',
69 silly get     'cache-control': 'max-age=300',
69 silly get     etag: 'W/"58bf5664-e18d"',
69 silly get     age: '126',
69 silly get     connection: 'keep-alive',
69 silly get     'x-served-by': 'cache-cdg8731-CDG',
69 silly get     'x-cache': 'HIT',
69 silly get     'x-cache-hits': '1',
69 silly get     'x-timer': 'S1493308559.466673,VS0,VE1',
69 silly get     vary: 'Accept-Encoding' } ]
70 verbose etag https://registry.npmjs.org/cordova-plugin-geolocation from cache
71 verbose get saving cordova-plugin-geolocation to /Users/projetgolf/.npm/registry.npmjs.org/cordova-plugin-geolocation/.cache.json
72 verbose correctMkdir /Users/projetgolf/.npm correctMkdir not in flight; initializing
73 http 200 https://registry.npmjs.org/plugin
74 verbose headers { server: 'nginx/1.10.1',
74 verbose headers   'content-type': 'application/json',
74 verbose headers   'last-modified': 'Mon, 01 Feb 2016 20:50:53 GMT',
74 verbose headers   etag: 'W/"56afc52d-3ec1"',
74 verbose headers   'content-encoding': 'gzip',
74 verbose headers   'cache-control': 'max-age=300',
74 verbose headers   'content-length': '2846',
74 verbose headers   'accept-ranges': 'bytes',
74 verbose headers   date: 'Thu, 27 Apr 2017 15:55:59 GMT',
74 verbose headers   via: '1.1 varnish',
74 verbose headers   age: '0',
74 verbose headers   connection: 'keep-alive',
74 verbose headers   'x-served-by': 'cache-cdg8723-CDG',
74 verbose headers   'x-cache': 'MISS',
74 verbose headers   'x-cache-hits': '0',
74 verbose headers   'x-timer': 'S1493308559.468402,VS0,VE15',
74 verbose headers   vary: 'Accept-Encoding' }
75 silly get cb [ 200,
75 silly get   { server: 'nginx/1.10.1',
75 silly get     'content-type': 'application/json',
75 silly get     'last-modified': 'Mon, 01 Feb 2016 20:50:53 GMT',
75 silly get     etag: 'W/"56afc52d-3ec1"',
75 silly get     'content-encoding': 'gzip',
75 silly get     'cache-control': 'max-age=300',
75 silly get     'content-length': '2846',
75 silly get     'accept-ranges': 'bytes',
75 silly get     date: 'Thu, 27 Apr 2017 15:55:59 GMT',
75 silly get     via: '1.1 varnish',
75 silly get     age: '0',
75 silly get     connection: 'keep-alive',
75 silly get     'x-served-by': 'cache-cdg8723-CDG',
75 silly get     'x-cache': 'MISS',
75 silly get     'x-cache-hits': '0',
75 silly get     'x-timer': 'S1493308559.468402,VS0,VE15',
75 silly get     vary: 'Accept-Encoding' } ]
76 verbose get saving plugin to /Users/projetgolf/.npm/registry.npmjs.org/plugin/.cache.json
77 verbose correctMkdir /Users/projetgolf/.npm correctMkdir not in flight; initializing
78 http 200 https://registry.npmjs.org/add
79 verbose headers { server: 'nginx/1.10.1',
79 verbose headers   'content-type': 'application/json',
79 verbose headers   'last-modified': 'Tue, 15 Jul 2014 06:29:37 GMT',
79 verbose headers   etag: 'W/"53c4ca51-2a4d"',
79 verbose headers   'content-encoding': 'gzip',
79 verbose headers   'cache-control': 'max-age=300',
79 verbose headers   'content-length': '2617',
79 verbose headers   'accept-ranges': 'bytes',
79 verbose headers   date: 'Thu, 27 Apr 2017 15:55:59 GMT',
79 verbose headers   via: '1.1 varnish',
79 verbose headers   age: '0',
79 verbose headers   connection: 'keep-alive',
79 verbose headers   'x-served-by': 'cache-cdg8729-CDG',
79 verbose headers   'x-cache': 'MISS',
79 verbose headers   'x-cache-hits': '0',
79 verbose headers   'x-timer': 'S1493308559.467848,VS0,VE19',
79 verbose headers   vary: 'Accept-Encoding' }
80 silly get cb [ 200,
80 silly get   { server: 'nginx/1.10.1',
80 silly get     'content-type': 'application/json',
80 silly get     'last-modified': 'Tue, 15 Jul 2014 06:29:37 GMT',
80 silly get     etag: 'W/"53c4ca51-2a4d"',
80 silly get     'content-encoding': 'gzip',
80 silly get     'cache-control': 'max-age=300',
80 silly get     'content-length': '2617',
80 silly get     'accept-ranges': 'bytes',
80 silly get     date: 'Thu, 27 Apr 2017 15:55:59 GMT',
80 silly get     via: '1.1 varnish',
80 silly get     age: '0',
80 silly get     connection: 'keep-alive',
80 silly get     'x-served-by': 'cache-cdg8729-CDG',
80 silly get     'x-cache': 'MISS',
80 silly get     'x-cache-hits': '0',
80 silly get     'x-timer': 'S1493308559.467848,VS0,VE19',
80 silly get     vary: 'Accept-Encoding' } ]
81 verbose get saving add to /Users/projetgolf/.npm/registry.npmjs.org/add/.cache.json
82 verbose correctMkdir /Users/projetgolf/.npm correctMkdir not in flight; initializing
83 http 200 https://registry.npmjs.org/ionic
84 verbose headers { server: 'nginx/1.10.1',
84 verbose headers   'content-type': 'application/json',
84 verbose headers   'last-modified': 'Wed, 26 Apr 2017 20:08:50 GMT',
84 verbose headers   etag: 'W/"5900fe52-fa324"',
84 verbose headers   'content-encoding': 'gzip',
84 verbose headers   'cache-control': 'max-age=300',
84 verbose headers   'content-length': '55698',
84 verbose headers   'accept-ranges': 'bytes',
84 verbose headers   date: 'Thu, 27 Apr 2017 15:55:59 GMT',
84 verbose headers   via: '1.1 varnish',
84 verbose headers   age: '38',
84 verbose headers   connection: 'keep-alive',
84 verbose headers   'x-served-by': 'cache-cdg8726-CDG',
84 verbose headers   'x-cache': 'HIT',
84 verbose headers   'x-cache-hits': '1',
84 verbose headers   'x-timer': 'S1493308559.456022,VS0,VE2',
84 verbose headers   vary: 'Accept-Encoding' }
85 silly get cb [ 200,
85 silly get   { server: 'nginx/1.10.1',
85 silly get     'content-type': 'application/json',
85 silly get     'last-modified': 'Wed, 26 Apr 2017 20:08:50 GMT',
85 silly get     etag: 'W/"5900fe52-fa324"',
85 silly get     'content-encoding': 'gzip',
85 silly get     'cache-control': 'max-age=300',
85 silly get     'content-length': '55698',
85 silly get     'accept-ranges': 'bytes',
85 silly get     date: 'Thu, 27 Apr 2017 15:55:59 GMT',
85 silly get     via: '1.1 varnish',
85 silly get     age: '38',
85 silly get     connection: 'keep-alive',
85 silly get     'x-served-by': 'cache-cdg8726-CDG',
85 silly get     'x-cache': 'HIT',
85 silly get     'x-cache-hits': '1',
85 silly get     'x-timer': 'S1493308559.456022,VS0,VE2',
85 silly get     vary: 'Accept-Encoding' } ]
86 verbose get saving ionic to /Users/projetgolf/.npm/registry.npmjs.org/ionic/.cache.json
87 verbose correctMkdir /Users/projetgolf/.npm correctMkdir not in flight; initializing
88 http 404 https://registry.npmjs.org/ngCordova
89 verbose headers { 'content-type': 'application/json',
89 verbose headers   'cache-control': 'max-age=0',
89 verbose headers   'content-length': '2',
89 verbose headers   'accept-ranges': 'bytes',
89 verbose headers   date: 'Thu, 27 Apr 2017 15:56:00 GMT',
89 verbose headers   via: '1.1 varnish',
89 verbose headers   age: '0',
89 verbose headers   connection: 'keep-alive',
89 verbose headers   'x-served-by': 'cache-cdg8732-CDG',
89 verbose headers   'x-cache': 'MISS',
89 verbose headers   'x-cache-hits': '0',
89 verbose headers   'x-timer': 'S1493308559.466693,VS0,VE803',
89 verbose headers   vary: 'Accept-Encoding' }
90 silly get cb [ 404,
90 silly get   { 'content-type': 'application/json',
90 silly get     'cache-control': 'max-age=0',
90 silly get     'content-length': '2',
90 silly get     'accept-ranges': 'bytes',
90 silly get     date: 'Thu, 27 Apr 2017 15:56:00 GMT',
90 silly get     via: '1.1 varnish',
90 silly get     age: '0',
90 silly get     connection: 'keep-alive',
90 silly get     'x-served-by': 'cache-cdg8732-CDG',
90 silly get     'x-cache': 'MISS',
90 silly get     'x-cache-hits': '0',
90 silly get     'x-timer': 'S1493308559.466693,VS0,VE803',
90 silly get     vary: 'Accept-Encoding' } ]
91 silly fetchPackageMetaData Error: Registry returned 404 for GET on https://registry.npmjs.org/ngCordova
91 silly fetchPackageMetaData     at makeError (/usr/local/lib/node_modules/npm/node_modules/npm-registry-client/lib/request.js:304:12)
91 silly fetchPackageMetaData     at CachingRegistryClient.<anonymous> (/usr/local/lib/node_modules/npm/node_modules/npm-registry-client/lib/request.js:282:14)
91 silly fetchPackageMetaData     at Request._callback (/usr/local/lib/node_modules/npm/node_modules/npm-registry-client/lib/request.js:212:14)
91 silly fetchPackageMetaData     at Request.self.callback (/usr/local/lib/node_modules/npm/node_modules/request/request.js:186:22)
91 silly fetchPackageMetaData     at emitTwo (events.js:106:13)
91 silly fetchPackageMetaData     at Request.emit (events.js:194:7)
91 silly fetchPackageMetaData     at Request.<anonymous> (/usr/local/lib/node_modules/npm/node_modules/request/request.js:1081:10)
91 silly fetchPackageMetaData     at emitOne (events.js:96:13)
91 silly fetchPackageMetaData     at Request.emit (events.js:191:7)
91 silly fetchPackageMetaData     at IncomingMessage.<anonymous> (/usr/local/lib/node_modules/npm/node_modules/request/request.js:1001:12)
91 silly fetchPackageMetaData  error for ngCordova { Error: Registry returned 404 for GET on https://registry.npmjs.org/ngCordova
91 silly fetchPackageMetaData     at makeError (/usr/local/lib/node_modules/npm/node_modules/npm-registry-client/lib/request.js:304:12)
91 silly fetchPackageMetaData     at CachingRegistryClient.<anonymous> (/usr/local/lib/node_modules/npm/node_modules/npm-registry-client/lib/request.js:282:14)
91 silly fetchPackageMetaData     at Request._callback (/usr/local/lib/node_modules/npm/node_modules/npm-registry-client/lib/request.js:212:14)
91 silly fetchPackageMetaData     at Request.self.callback (/usr/local/lib/node_modules/npm/node_modules/request/request.js:186:22)
91 silly fetchPackageMetaData     at emitTwo (events.js:106:13)
91 silly fetchPackageMetaData     at Request.emit (events.js:194:7)
91 silly fetchPackageMetaData     at Request.<anonymous> (/usr/local/lib/node_modules/npm/node_modules/request/request.js:1081:10)
91 silly fetchPackageMetaData     at emitOne (events.js:96:13)
91 silly fetchPackageMetaData     at Request.emit (events.js:191:7)
91 silly fetchPackageMetaData     at IncomingMessage.<anonymous> (/usr/local/lib/node_modules/npm/node_modules/request/request.js:1001:12) pkgid: 'ngCordova', statusCode: 404, code: 'E404' }
92 silly rollbackFailedOptional Starting
93 verbose stack TypeError: Cannot read property 'path' of null
93 verbose stack     at Installer.rollbackFailedOptional (/usr/local/lib/node_modules/npm/lib/install.js:511:29)
93 verbose stack     at Array.<anonymous> (/usr/local/lib/node_modules/npm/node_modules/slide/lib/bind-actor.js:15:8)
93 verbose stack     at LOOP (/usr/local/lib/node_modules/npm/node_modules/slide/lib/chain.js:15:14)
93 verbose stack     at /usr/local/lib/node_modules/npm/node_modules/slide/lib/chain.js:18:7
93 verbose stack     at /usr/local/lib/node_modules/npm/lib/install.js:337:5
93 verbose stack     at Array.<anonymous> (/usr/local/lib/node_modules/npm/node_modules/slide/lib/bind-actor.js:15:8)
93 verbose stack     at LOOP (/usr/local/lib/node_modules/npm/node_modules/slide/lib/chain.js:15:14)
93 verbose stack     at chain (/usr/local/lib/node_modules/npm/node_modules/slide/lib/chain.js:20:5)
93 verbose stack     at /usr/local/lib/node_modules/npm/lib/install.js:294:5
93 verbose stack     at /usr/local/lib/node_modules/npm/node_modules/slide/lib/chain.js:16:22
94 verbose cwd /Users/projetgolf/Desktop/dPO/Green'sa v2/Green-sa
95 error Darwin 16.4.0
96 error argv "/usr/local/bin/node" "/usr/local/bin/npm" "install" "-g" "ngCordova" "ionic" "plugin" "add" "cordova-plugin-geolocation"
97 error node v7.7.4
98 error npm  v4.1.2
99 error Cannot read property 'path' of null
100 error If you need help, you may report this error at:
100 error     <https://github.com/npm/npm/issues>
101 verbose exit [ 1, true ]
